This is pdfeTeX, Version 3.141592-1.21a-2.2 (Web2C 7.5.4) (format=latex 2011.12.12)  11 APR 2012 15:18
entering extended mode
**UserDocsFlagger.tex
(/usr/share/texmf/tex/latex/tools/q.tex
LaTeX2e <2003/12/01>
Babel <v3.8d> and hyphenation patterns for american, french, german, ngerman, b
ahasa, basque, bulgarian, catalan, croatian, czech, danish, dutch, esperanto, e
stonian, finnish, greek, icelandic, irish, italian, latin, magyar, norsk, polis
h, portuges, romanian, russian, serbian, slovak, slovene, spanish, swedish, tur
kish, ukrainian, nohyphenation, loaded.
File ignored
)
! Emergency stop.
<*> UserDocsFlagger.tex
                       
*** (job aborted, no legal \end found)

 
Here is how much of TeX's memory you used:
 8 strings out of 94501
 213 string characters out of 1176788
 48348 words of memory out of 1000000
 3273 multiletter control sequences out of 10000+50000
 3640 words of font info for 14 fonts, out of 500000 for 2000
 580 hyphenation exceptions out of 1000
 5i,0n,1p,99b,8s stack positions out of 1500i,500n,5000p,200000b,5000s
No pages of output.
